Compiling the CXX compiler identification source file "CMakeCXXCompilerId.cpp" failed.
Compiler: CMAKE_CXX_COMPILER-NOTFOUND 
Build flags: ;-mthumb;-fdata-sections;-Wa,--noexecstack;-fsigned-char;-Wno-psabi;-mthumb;-fdata-sections;-Wa,--noexecstack;-fsigned-char;-Wno-psabi
Id flags: 

The output was:
No such file or directory


Compiling the CXX compiler identification source file "CMakeCXXCompilerId.cpp" failed.
Compiler: CMAKE_CXX_COMPILER-NOTFOUND 
Build flags: ;-mthumb;-fdata-sections;-Wa,--noexecstack;-fsigned-char;-Wno-psabi;-mthumb;-fdata-sections;-Wa,--noexecstack;-fsigned-char;-Wno-psabi
Id flags: -c

The output was:
No such file or directory


Compiling the C compiler identification source file "CMakeCCompilerId.c" failed.
Compiler: CMAKE_C_COMPILER-NOTFOUND 
Build flags: ;-mthumb;-fdata-sections;-Wa,--noexecstack;-fsigned-char;-Wno-psabi;-mthumb;-fdata-sections;-Wa,--noexecstack;-fsigned-char;-Wno-psabi
Id flags: 

The output was:
No such file or directory


Compiling the C compiler identification source file "CMakeCCompilerId.c" failed.
Compiler: CMAKE_C_COMPILER-NOTFOUND 
Build flags: ;-mthumb;-fdata-sections;-Wa,--noexecstack;-fsigned-char;-Wno-psabi;-mthumb;-fdata-sections;-Wa,--noexecstack;-fsigned-char;-Wno-psabi
Id flags: -c

The output was:
No such file or directory


Compiling the C compiler identification source file "CMakeCCompilerId.c" failed.
Compiler: CMAKE_C_COMPILER-NOTFOUND 
Build flags: ;-mthumb;-fdata-sections;-Wa,--noexecstack;-fsigned-char;-Wno-psabi;-mthumb;-fdata-sections;-Wa,--noexecstack;-fsigned-char;-Wno-psabi
Id flags: -Aa

The output was:
No such file or directory


Compiling the CXX compiler identification source file "CMakeCXXCompilerId.cpp" failed.
Compiler: CMAKE_CXX_COMPILER-NOTFOUND 
Build flags: ;-mthumb;-fdata-sections;-Wa,--noexecstack;-fsigned-char;-Wno-psabi
Id flags: 

The output was:
No such file or directory


Compiling the CXX compiler identification source file "CMakeCXXCompilerId.cpp" failed.
Compiler: CMAKE_CXX_COMPILER-NOTFOUND 
Build flags: ;-mthumb;-fdata-sections;-Wa,--noexecstack;-fsigned-char;-Wno-psabi
Id flags: -c

The output was:
No such file or directory


Compiling the C compiler identification source file "CMakeCCompilerId.c" failed.
Compiler: CMAKE_C_COMPILER-NOTFOUND 
Build flags: ;-mthumb;-fdata-sections;-Wa,--noexecstack;-fsigned-char;-Wno-psabi
Id flags: 

The output was:
No such file or directory


Compiling the C compiler identification source file "CMakeCCompilerId.c" failed.
Compiler: CMAKE_C_COMPILER-NOTFOUND 
Build flags: ;-mthumb;-fdata-sections;-Wa,--noexecstack;-fsigned-char;-Wno-psabi
Id flags: -c

The output was:
No such file or directory


Compiling the C compiler identification source file "CMakeCCompilerId.c" failed.
Compiler: CMAKE_C_COMPILER-NOTFOUND 
Build flags: ;-mthumb;-fdata-sections;-Wa,--noexecstack;-fsigned-char;-Wno-psabi
Id flags: -Aa

The output was:
No such file or directory


Determining if the system is big endian passed with the following output:
Change Dir: /home/zjshaver/cpre488/cpre488_final/opencv_cmake_bin/CMakeFiles/CMakeTmp

Run Build Command:/usr/bin/gmake "cmTryCompileExec/fast"
/usr/bin/gmake -f CMakeFiles/cmTryCompileExec.dir/build.make CMakeFiles/cmTryCompileExec.dir/build
gmake[1]: Entering directory `/home/zjshaver/cpre488/cpre488_final/opencv_cmake_bin/CMakeFiles/CMakeTmp'
/home/zjshaver/cpre488/cpre488_final/opencv_cmake_bin/cmake -E cmake_progress_report /home/zjshaver/cpre488/cpre488_final/opencv_cmake_bin/CMakeFiles/CMakeTmp/CMakeFiles 1
Building C object CMakeFiles/cmTryCompileExec.dir/TestEndianess.c.o
/remote/Xilinx/14.6/EDK/gnu/arm/lin/bin/arm-xilinx-linux-gnueabi-gcc   -mthumb -fdata-sections -Wa,--noexecstack -fsigned-char -Wno-psabi   -fsigned-char -W -Wall -Werror=return-type -Werror=non-virtual-dtor -Werror=address -Werror=sequence-point -Wformat -Werror=format-security -Wmissing-declarations -Wmissing-prototypes -Wstrict-prototypes -Wundef -Winit-self -Wpointer-arith -Wshadow -Wno-narrowing -fdiagnostics-show-option -pthread -fomit-frame-pointer -ffunction-sections -fvisibility=hidden   -O3 -DNDEBUG   -o CMakeFiles/cmTryCompileExec.dir/TestEndianess.c.o   -c /home/zjshaver/cpre488/cpre488_final/opencv_cmake_bin/CMakeFiles/CMakeTmp/TestEndianess.c
Linking C executable cmTryCompileExec
/home/zjshaver/cpre488/cpre488_final/opencv_cmake_bin/cmake -E cmake_link_script CMakeFiles/cmTryCompileExec.dir/link.txt --verbose=1
/remote/Xilinx/14.6/EDK/gnu/arm/lin/bin/arm-xilinx-linux-gnueabi-gcc    -mthumb -fdata-sections -Wa,--noexecstack -fsigned-char -Wno-psabi   -fsigned-char -W -Wall -Werror=return-type -Werror=non-virtual-dtor -Werror=address -Werror=sequence-point -Wformat -Werror=format-security -Wmissing-declarations -Wmissing-prototypes -Wstrict-prototypes -Wundef -Winit-self -Wpointer-arith -Wshadow -Wno-narrowing -fdiagnostics-show-option -pthread -fomit-frame-pointer -ffunction-sections -fvisibility=hidden   -O3 -DNDEBUG  -Wl,--fix-cortex-a8 -Wl,--no-undefined -Wl,--gc-sections -Wl,-z,noexecstack -Wl,-z,relro -Wl,-z,now -Wl,-z,nocopyreloc CMakeFiles/cmTryCompileExec.dir/TestEndianess.c.o  -o cmTryCompileExec -rdynamic 
gmake[1]: Leaving directory `/home/zjshaver/cpre488/cpre488_final/opencv_cmake_bin/CMakeFiles/CMakeTmp'

TestEndianess.c:
/* A 16 bit integer is required. */
typedef unsigned short cmakeint16;

/* On a little endian machine, these 16bit ints will give "THIS IS LITTLE ENDIAN."
   On a big endian machine the characters will be exchanged pairwise. */
const cmakeint16 info_little[] =  {0x4854, 0x5349, 0x4920, 0x2053, 0x494c, 0x5454, 0x454c, 0x4520, 0x444e, 0x4149, 0x2e4e, 0x0000};

/* on a big endian machine, these 16bit ints will give "THIS IS BIG ENDIAN."
   On a little endian machine the characters will be exchanged pairwise. */
const cmakeint16 info_big[] =     {0x5448, 0x4953, 0x2049, 0x5320, 0x4249, 0x4720, 0x454e, 0x4449, 0x414e, 0x2e2e, 0x0000};

#ifdef __CLASSIC_C__
int main(argc, argv) int argc; char *argv[];
#else
int main(int argc, char *argv[])
#endif
{
  int require = 0;
  require += info_little[argc];
  require += info_big[argc];
  (void)argv;
  return require;
}


Determining size of off64_t failed with the following output:
Change Dir: /home/zjshaver/cpre488/cpre488_final/opencv_cmake_bin/CMakeFiles/CMakeTmp

Run Build Command:/usr/bin/gmake "cmTryCompileExec/fast"
/usr/bin/gmake -f CMakeFiles/cmTryCompileExec.dir/build.make CMakeFiles/cmTryCompileExec.dir/build
gmake[1]: Entering directory `/home/zjshaver/cpre488/cpre488_final/opencv_cmake_bin/CMakeFiles/CMakeTmp'
/home/zjshaver/cpre488/cpre488_final/opencv_cmake_bin/cmake -E cmake_progress_report /home/zjshaver/cpre488/cpre488_final/opencv_cmake_bin/CMakeFiles/CMakeTmp/CMakeFiles 1
Building C object CMakeFiles/cmTryCompileExec.dir/OFF64_T.c.o
/remote/Xilinx/14.6/EDK/gnu/arm/lin/bin/arm-xilinx-linux-gnueabi-gcc   -mthumb -fdata-sections -Wa,--noexecstack -fsigned-char -Wno-psabi   -fsigned-char -W -Wall -Werror=return-type -Werror=non-virtual-dtor -Werror=address -Werror=sequence-point -Wformat -Werror=format-security -Wmissing-declarations -Wmissing-prototypes -Wstrict-prototypes -Wundef -Winit-self -Wpointer-arith -Wshadow -Wno-narrowing -fdiagnostics-show-option -pthread -fomit-frame-pointer -ffunction-sections -fvisibility=hidden   -O3 -DNDEBUG   -o CMakeFiles/cmTryCompileExec.dir/OFF64_T.c.o   -c /home/zjshaver/cpre488/cpre488_final/opencv_cmake_bin/CMakeFiles/CheckTypeSize/OFF64_T.c
/home/zjshaver/cpre488/cpre488_final/opencv_cmake_bin/CMakeFiles/CheckTypeSize/OFF64_T.c:19:12: error: 'off64_t' undeclared here (not in a function)
gmake[1]: *** [CMakeFiles/cmTryCompileExec.dir/OFF64_T.c.o] Error 1
gmake[1]: Leaving directory `/home/zjshaver/cpre488/cpre488_final/opencv_cmake_bin/CMakeFiles/CMakeTmp'
gmake: *** [cmTryCompileExec/fast] Error 2

/home/zjshaver/cpre488/cpre488_final/opencv_cmake_bin/CMakeFiles/CheckTypeSize/OFF64_T.c:
#include <sys/types.h>
#include <stdint.h>
#include <stddef.h>


#undef KEY
#if defined(__i386)
# define KEY '_','_','i','3','8','6'
#elif defined(__x86_64)
# define KEY '_','_','x','8','6','_','6','4'
#elif defined(__ppc__)
# define KEY '_','_','p','p','c','_','_'
#elif defined(__ppc64__)
# define KEY '_','_','p','p','c','6','4','_','_'
#endif

#define SIZE (sizeof(off64_t))
char info_size[] =  {'I', 'N', 'F', 'O', ':', 's','i','z','e','[',
  ('0' + ((SIZE / 10000)%10)),
  ('0' + ((SIZE / 1000)%10)),
  ('0' + ((SIZE / 100)%10)),
  ('0' + ((SIZE / 10)%10)),
  ('0' +  (SIZE    % 10)),
  ']',
#ifdef KEY
  ' ','k','e','y','[', KEY, ']',
#endif
  '\0'};

#ifdef __CLASSIC_C__
int main(argc, argv) int argc; char *argv[];
#else
int main(int argc, char *argv[])
#endif
{
  int require = 0;
  require += info_size[argc];
  (void)argv;
  return require;
}


Determining if the include file io.h exists failed with the following output:
Change Dir: /home/zjshaver/cpre488/cpre488_final/opencv_cmake_bin/CMakeFiles/CMakeTmp

Run Build Command:/usr/bin/gmake "cmTryCompileExec/fast"
/usr/bin/gmake -f CMakeFiles/cmTryCompileExec.dir/build.make CMakeFiles/cmTryCompileExec.dir/build
gmake[1]: Entering directory `/home/zjshaver/cpre488/cpre488_final/opencv_cmake_bin/CMakeFiles/CMakeTmp'
/home/zjshaver/cpre488/cpre488_final/opencv_cmake_bin/cmake -E cmake_progress_report /home/zjshaver/cpre488/cpre488_final/opencv_cmake_bin/CMakeFiles/CMakeTmp/CMakeFiles 1
Building C object CMakeFiles/cmTryCompileExec.dir/CheckIncludeFile.c.o
/remote/Xilinx/14.6/EDK/gnu/arm/lin/bin/arm-xilinx-linux-gnueabi-gcc   -mthumb -fdata-sections -Wa,--noexecstack -fsigned-char -Wno-psabi   -fsigned-char -W -Wall -Werror=return-type -Werror=non-virtual-dtor -Werror=address -Werror=sequence-point -Wformat -Werror=format-security -Wmissing-declarations -Wmissing-prototypes -Wstrict-prototypes -Wundef -Winit-self -Wpointer-arith -Wshadow -Wno-narrowing -fdiagnostics-show-option -pthread -fomit-frame-pointer -ffunction-sections -fvisibility=hidden   -O3 -DNDEBUG   -o CMakeFiles/cmTryCompileExec.dir/CheckIncludeFile.c.o   -c /home/zjshaver/cpre488/cpre488_final/opencv_cmake_bin/CMakeFiles/CMakeTmp/CheckIncludeFile.c
/home/zjshaver/cpre488/cpre488_final/opencv_cmake_bin/CMakeFiles/CMakeTmp/CheckIncludeFile.c:1:16: fatal error: io.h: No such file or directory
compilation terminated.
gmake[1]: *** [CMakeFiles/cmTryCompileExec.dir/CheckIncludeFile.c.o] Error 1
gmake[1]: Leaving directory `/home/zjshaver/cpre488/cpre488_final/opencv_cmake_bin/CMakeFiles/CMakeTmp'
gmake: *** [cmTryCompileExec/fast] Error 2


Determining if the function jbg_newlen exists failed with the following output:
Change Dir: /home/zjshaver/cpre488/cpre488_final/opencv_cmake_bin/CMakeFiles/CMakeTmp

Run Build Command:/usr/bin/gmake "cmTryCompileExec/fast"
/usr/bin/gmake -f CMakeFiles/cmTryCompileExec.dir/build.make CMakeFiles/cmTryCompileExec.dir/build
gmake[1]: Entering directory `/home/zjshaver/cpre488/cpre488_final/opencv_cmake_bin/CMakeFiles/CMakeTmp'
/home/zjshaver/cpre488/cpre488_final/opencv_cmake_bin/cmake -E cmake_progress_report /home/zjshaver/cpre488/cpre488_final/opencv_cmake_bin/CMakeFiles/CMakeTmp/CMakeFiles 1
Building C object CMakeFiles/cmTryCompileExec.dir/CheckFunctionExists.c.o
/remote/Xilinx/14.6/EDK/gnu/arm/lin/bin/arm-xilinx-linux-gnueabi-gcc   -mthumb -fdata-sections -Wa,--noexecstack -fsigned-char -Wno-psabi   -fsigned-char -W -Wall -Werror=return-type -Werror=non-virtual-dtor -Werror=address -Werror=sequence-point -Wformat -Werror=format-security -Wmissing-declarations -Wmissing-prototypes -Wstrict-prototypes -Wundef -Winit-self -Wpointer-arith -Wshadow -Wno-narrowing -fdiagnostics-show-option -pthread -fomit-frame-pointer -ffunction-sections -fvisibility=hidden  -DCHECK_FUNCTION_EXISTS=jbg_newlen -O3 -DNDEBUG   -o CMakeFiles/cmTryCompileExec.dir/CheckFunctionExists.c.o   -c /home/zjshaver/cpre488/cpre488_final/cmake-2.8.7/Modules/CheckFunctionExists.c
/home/zjshaver/cpre488/cpre488_final/cmake-2.8.7/Modules/CheckFunctionExists.c:3:1: warning: function declaration isn't a prototype [-Wstrict-prototypes]
Linking C executable cmTryCompileExec
/home/zjshaver/cpre488/cpre488_final/opencv_cmake_bin/cmake -E cmake_link_script CMakeFiles/cmTryCompileExec.dir/link.txt --verbose=1
/remote/Xilinx/14.6/EDK/gnu/arm/lin/bin/arm-xilinx-linux-gnueabi-gcc    -mthumb -fdata-sections -Wa,--noexecstack -fsigned-char -Wno-psabi   -fsigned-char -W -Wall -Werror=return-type -Werror=non-virtual-dtor -Werror=address -Werror=sequence-point -Wformat -Werror=format-security -Wmissing-declarations -Wmissing-prototypes -Wstrict-prototypes -Wundef -Winit-self -Wpointer-arith -Wshadow -Wno-narrowing -fdiagnostics-show-option -pthread -fomit-frame-pointer -ffunction-sections -fvisibility=hidden  -DCHECK_FUNCTION_EXISTS=jbg_newlen -O3 -DNDEBUG  -Wl,--fix-cortex-a8 -Wl,--no-undefined -Wl,--gc-sections -Wl,-z,noexecstack -Wl,-z,relro -Wl,-z,now -Wl,-z,nocopyreloc CMakeFiles/cmTryCompileExec.dir/CheckFunctionExists.c.o  -o cmTryCompileExec -rdynamic 
CMakeFiles/cmTryCompileExec.dir/CheckFunctionExists.c.o: In function `main':
CheckFunctionExists.c:(.text.startup.main+0x6): undefined reference to `jbg_newlen'
collect2: error: ld returned 1 exit status
gmake[1]: Leaving directory `/home/zjshaver/cpre488/cpre488_final/opencv_cmake_bin/CMakeFiles/CMakeTmp'
gmake[1]: *** [cmTryCompileExec] Error 1
gmake: *** [cmTryCompileExec/fast] Error 2


Determining if the include file linux/videodev.h exists failed with the following output:
Change Dir: /home/zjshaver/cpre488/cpre488_final/opencv_cmake_bin/CMakeFiles/CMakeTmp

Run Build Command:/usr/bin/gmake "cmTryCompileExec/fast"
/usr/bin/gmake -f CMakeFiles/cmTryCompileExec.dir/build.make CMakeFiles/cmTryCompileExec.dir/build
gmake[1]: Entering directory `/home/zjshaver/cpre488/cpre488_final/opencv_cmake_bin/CMakeFiles/CMakeTmp'
/home/zjshaver/cpre488/cpre488_final/opencv_cmake_bin/cmake -E cmake_progress_report /home/zjshaver/cpre488/cpre488_final/opencv_cmake_bin/CMakeFiles/CMakeTmp/CMakeFiles 1
Building C object CMakeFiles/cmTryCompileExec.dir/CheckIncludeFile.c.o
/remote/Xilinx/14.6/EDK/gnu/arm/lin/bin/arm-xilinx-linux-gnueabi-gcc   -mthumb -fdata-sections -Wa,--noexecstack -fsigned-char -Wno-psabi   -fsigned-char -W -Wall -Werror=return-type -Werror=non-virtual-dtor -Werror=address -Werror=sequence-point -Wformat -Werror=format-security -Wmissing-declarations -Wmissing-prototypes -Wstrict-prototypes -Wundef -Winit-self -Wpointer-arith -Wshadow -Wno-narrowing -fdiagnostics-show-option -pthread -fomit-frame-pointer -ffunction-sections -fvisibility=hidden   -O3 -DNDEBUG   -o CMakeFiles/cmTryCompileExec.dir/CheckIncludeFile.c.o   -c /home/zjshaver/cpre488/cpre488_final/opencv_cmake_bin/CMakeFiles/CMakeTmp/CheckIncludeFile.c
/home/zjshaver/cpre488/cpre488_final/opencv_cmake_bin/CMakeFiles/CMakeTmp/CheckIncludeFile.c:1:28: fatal error: linux/videodev.h: No such file or directory
compilation terminated.
gmake[1]: *** [CMakeFiles/cmTryCompileExec.dir/CheckIncludeFile.c.o] Error 1
gmake[1]: Leaving directory `/home/zjshaver/cpre488/cpre488_final/opencv_cmake_bin/CMakeFiles/CMakeTmp'
gmake: *** [cmTryCompileExec/fast] Error 2


Determining if the include file sys/videoio.h exists failed with the following output:
Change Dir: /home/zjshaver/cpre488/cpre488_final/opencv_cmake_bin/CMakeFiles/CMakeTmp

Run Build Command:/usr/bin/gmake "cmTryCompileExec/fast"
/usr/bin/gmake -f CMakeFiles/cmTryCompileExec.dir/build.make CMakeFiles/cmTryCompileExec.dir/build
gmake[1]: Entering directory `/home/zjshaver/cpre488/cpre488_final/opencv_cmake_bin/CMakeFiles/CMakeTmp'
/home/zjshaver/cpre488/cpre488_final/opencv_cmake_bin/cmake -E cmake_progress_report /home/zjshaver/cpre488/cpre488_final/opencv_cmake_bin/CMakeFiles/CMakeTmp/CMakeFiles 1
Building C object CMakeFiles/cmTryCompileExec.dir/CheckIncludeFile.c.o
/remote/Xilinx/14.6/EDK/gnu/arm/lin/bin/arm-xilinx-linux-gnueabi-gcc   -mthumb -fdata-sections -Wa,--noexecstack -fsigned-char -Wno-psabi   -fsigned-char -W -Wall -Werror=return-type -Werror=non-virtual-dtor -Werror=address -Werror=sequence-point -Wformat -Werror=format-security -Wmissing-declarations -Wmissing-prototypes -Wstrict-prototypes -Wundef -Winit-self -Wpointer-arith -Wshadow -Wno-narrowing -fdiagnostics-show-option -pthread -fomit-frame-pointer -ffunction-sections -fvisibility=hidden   -O3 -DNDEBUG   -o CMakeFiles/cmTryCompileExec.dir/CheckIncludeFile.c.o   -c /home/zjshaver/cpre488/cpre488_final/opencv_cmake_bin/CMakeFiles/CMakeTmp/CheckIncludeFile.c
/home/zjshaver/cpre488/cpre488_final/opencv_cmake_bin/CMakeFiles/CMakeTmp/CheckIncludeFile.c:1:25: fatal error: sys/videoio.h: No such file or directory
compilation terminated.
gmake[1]: *** [CMakeFiles/cmTryCompileExec.dir/CheckIncludeFile.c.o] Error 1
gmake[1]: Leaving directory `/home/zjshaver/cpre488/cpre488_final/opencv_cmake_bin/CMakeFiles/CMakeTmp'
gmake: *** [cmTryCompileExec/fast] Error 2


Determining if the include file libavformat/avformat.h exists failed with the following output:
Change Dir: /home/zjshaver/cpre488/cpre488_final/opencv_cmake_bin/CMakeFiles/CMakeTmp

Run Build Command:/usr/bin/gmake "cmTryCompileExec/fast"
/usr/bin/gmake -f CMakeFiles/cmTryCompileExec.dir/build.make CMakeFiles/cmTryCompileExec.dir/build
gmake[1]: Entering directory `/home/zjshaver/cpre488/cpre488_final/opencv_cmake_bin/CMakeFiles/CMakeTmp'
/home/zjshaver/cpre488/cpre488_final/opencv_cmake_bin/cmake -E cmake_progress_report /home/zjshaver/cpre488/cpre488_final/opencv_cmake_bin/CMakeFiles/CMakeTmp/CMakeFiles 1
Building C object CMakeFiles/cmTryCompileExec.dir/CheckIncludeFile.c.o
/remote/Xilinx/14.6/EDK/gnu/arm/lin/bin/arm-xilinx-linux-gnueabi-gcc   -mthumb -fdata-sections -Wa,--noexecstack -fsigned-char -Wno-psabi   -fsigned-char -W -Wall -Werror=return-type -Werror=non-virtual-dtor -Werror=address -Werror=sequence-point -Wformat -Werror=format-security -Wmissing-declarations -Wmissing-prototypes -Wstrict-prototypes -Wundef -Winit-self -Wpointer-arith -Wshadow -Wno-narrowing -fdiagnostics-show-option -pthread -fomit-frame-pointer -ffunction-sections -fvisibility=hidden   -O3 -DNDEBUG   -o CMakeFiles/cmTryCompileExec.dir/CheckIncludeFile.c.o   -c /home/zjshaver/cpre488/cpre488_final/opencv_cmake_bin/CMakeFiles/CMakeTmp/CheckIncludeFile.c
/home/zjshaver/cpre488/cpre488_final/opencv_cmake_bin/CMakeFiles/CMakeTmp/CheckIncludeFile.c:1:34: fatal error: libavformat/avformat.h: No such file or directory
compilation terminated.
gmake[1]: *** [CMakeFiles/cmTryCompileExec.dir/CheckIncludeFile.c.o] Error 1
gmake[1]: Leaving directory `/home/zjshaver/cpre488/cpre488_final/opencv_cmake_bin/CMakeFiles/CMakeTmp'
gmake: *** [cmTryCompileExec/fast] Error 2


Determining if the include file ffmpeg/avformat.h exists failed with the following output:
Change Dir: /home/zjshaver/cpre488/cpre488_final/opencv_cmake_bin/CMakeFiles/CMakeTmp

Run Build Command:/usr/bin/gmake "cmTryCompileExec/fast"
/usr/bin/gmake -f CMakeFiles/cmTryCompileExec.dir/build.make CMakeFiles/cmTryCompileExec.dir/build
gmake[1]: Entering directory `/home/zjshaver/cpre488/cpre488_final/opencv_cmake_bin/CMakeFiles/CMakeTmp'
/home/zjshaver/cpre488/cpre488_final/opencv_cmake_bin/cmake -E cmake_progress_report /home/zjshaver/cpre488/cpre488_final/opencv_cmake_bin/CMakeFiles/CMakeTmp/CMakeFiles 1
Building C object CMakeFiles/cmTryCompileExec.dir/CheckIncludeFile.c.o
/remote/Xilinx/14.6/EDK/gnu/arm/lin/bin/arm-xilinx-linux-gnueabi-gcc   -mthumb -fdata-sections -Wa,--noexecstack -fsigned-char -Wno-psabi   -fsigned-char -W -Wall -Werror=return-type -Werror=non-virtual-dtor -Werror=address -Werror=sequence-point -Wformat -Werror=format-security -Wmissing-declarations -Wmissing-prototypes -Wstrict-prototypes -Wundef -Winit-self -Wpointer-arith -Wshadow -Wno-narrowing -fdiagnostics-show-option -pthread -fomit-frame-pointer -ffunction-sections -fvisibility=hidden   -O3 -DNDEBUG   -o CMakeFiles/cmTryCompileExec.dir/CheckIncludeFile.c.o   -c /home/zjshaver/cpre488/cpre488_final/opencv_cmake_bin/CMakeFiles/CMakeTmp/CheckIncludeFile.c
/home/zjshaver/cpre488/cpre488_final/opencv_cmake_bin/CMakeFiles/CMakeTmp/CheckIncludeFile.c:1:29: fatal error: ffmpeg/avformat.h: No such file or directory
compilation terminated.
gmake[1]: *** [CMakeFiles/cmTryCompileExec.dir/CheckIncludeFile.c.o] Error 1
gmake[1]: Leaving directory `/home/zjshaver/cpre488/cpre488_final/opencv_cmake_bin/CMakeFiles/CMakeTmp'
gmake: *** [cmTryCompileExec/fast] Error 2


